<?xml version="1.0" encoding="UTF-8"?>
<!-- Generated by org.testng.reporters.JUnitReportReporter -->
<testsuite hostname="TYSS_MQAS" name="com.json_server.tests.CreateResource" tests="2" failures="0" timestamp="6 Apr 2020 10:45:34 GMT" time="2.194" errors="0">
  <testcase name="createResourceWithValidData1" time="0.620" classname="com.json_server.tests.CreateResource"/>
  <testcase name="createResourceWithValidData" time="1.574" classname="com.json_server.tests.CreateResource"/>
</testsuite> <!-- com.json_server.tests.CreateResource -->
