<?xml version="1.0" encoding="UTF-8"?>
<!-- Generated by org.testng.reporters.JUnitReportReporter -->
<testsuite hostname="TYSS_MQAS" name="com.json_server.tests.GetAllResource" tests="1" failures="0" timestamp="4 Apr 2020 17:13:49 GMT" time="2.757" errors="0">
  <testcase name="getSingleResourceWithValidId" time="2.757" classname="com.json_server.tests.GetAllResource"/>
</testsuite> <!-- com.json_server.tests.GetAllResource -->
