<?xml version="1.0" encoding="UTF-8"?>
<!-- Generated by org.testng.reporters.JUnitReportReporter -->
<testsuite hostname="TYSS_MQAS" name="com.json_server.tests.GetSingleResource" tests="2" failures="0" timestamp="6 Apr 2020 11:04:35 GMT" time="3.428" errors="0">
  <testcase name="getSingleResourceWithInValidId" time="2.239" classname="com.json_server.tests.GetSingleResource"/>
  <testcase name="getSingleResourceWithValidId" time="1.189" classname="com.json_server.tests.GetSingleResource"/>
</testsuite> <!-- com.json_server.tests.GetSingleResource -->
